---------- Error ocurrido a Guillermo Valencia Machado -----------
 [Mon, 20 Feb 2017 10:06:26 -0500]: SQLSTATE[23000]: Integrity constraint violation: 1048 Column 'prod_codigo' cannot be null, ubicado en el archivo C:\xampp\htdocs\MIDAS-2.0\app\model\class\productos.class.php Linea 35. 


---------- Error ocurrido a Guillermo Valencia Machado -----------
 [Mon, 20 Feb 2017 16:08:52 -0500]: SQLSTATE[23000]: Integrity constraint violation: 1048 Column 'prod_codigo' cannot be null, ubicado en el archivo C:\xampp\htdocs\MIDAS-2.0\app\model\class\productos.class.php Linea 35. 


---------- Error ocurrido a Guillermo Valencia Machado -----------
 [Mon, 20 Feb 2017 18:49:32 -0500]: SQLSTATE[23000]: Integrity constraint violation: 1048 Column 'prod_codigo' cannot be null, ubicado en el archivo C:\xampp\htdocs\MIDAS-2.0\app\model\class\productos.class.php Linea 35. 


---------- Error ocurrido a Guillermo Valencia Machado -----------
 [Tue, 21 Feb 2017 18:12:05 -0500]: SQLSTATE[23000]: Integrity constraint violation: 1048 Column 'prod_codigo' cannot be null, ubicado en el archivo C:\xampp\htdocs\MIDAS-2.0\app\model\class\productos.class.php Linea 35. 


---------- Error ocurrido a Guillermo Valencia Machado -----------
 [Tue, 21 Feb 2017 22:56:08 -0500]: SQLSTATE[23000]: Integrity constraint violation: 1048 Column 'prod_codigo' cannot be null, ubicado en el archivo C:\xampp\htdocs\MIDAS-2.0\app\model\class\productos.class.php Linea 35. 


---------- Error ocurrido a Guillermo Valencia Machado -----------
 [Wed, 22 Feb 2017 00:20:54 -0500]: SQLSTATE[23000]: Integrity constraint violation: 1048 Column 'det_cantidad' cannot be null, ubicado en el archivo C:\xampp\htdocs\MIDAS-2.0\app\model\class\notadebito.class.php Linea 47. 


---------- Error ocurrido a Guillermo Valencia Machado -----------
 [Fri, 24 Feb 2017 18:06:53 -0500]: SQLSTATE[HY093]: Invalid parameter number: number of bound variables does not match number of tokens, ubicado en el archivo C:\xampp\htdocs\MIDAS-2.0\app\model\class\notadebito.class.php Linea 144. 


---------- Error ocurrido a Guillermo Valencia Machado -----------
 [Tue, 28 Feb 2017 15:08:55 -0500]: SQLSTATE[42S22]: Column not found: 1054 Unknown column 'det_codigo' in 'field list', ubicado en el archivo C:\xampp\htdocs\MIDAS-2.0\app\model\class\notacredito.class.php Linea 159. 


---------- Error ocurrido a Guillermo Valencia Machado -----------
 [Tue, 28 Feb 2017 15:10:12 -0500]: SQLSTATE[42S22]: Column not found: 1054 Unknown column 'det_codigo' in 'field list', ubicado en el archivo C:\xampp\htdocs\MIDAS-2.0\app\model\class\notacredito.class.php Linea 159. 


---------- Error ocurrido a Guillermo Valencia Machado -----------
 [Tue, 28 Feb 2017 15:18:16 -0500]: SQLSTATE[42S22]: Column not found: 1054 Unknown column 'det_codigo' in 'field list', ubicado en el archivo C:\xampp\htdocs\MIDAS-2.0\app\model\class\notacredito.class.php Linea 159. 


---------- Error ocurrido a Guillermo Valencia Machado -----------
 [Tue, 28 Feb 2017 15:20:38 -0500]: SQLSTATE[42S22]: Column not found: 1054 Unknown column 'ges_notadebito_nota_codigo' in 'field list', ubicado en el archivo C:\xampp\htdocs\MIDAS-2.0\app\model\class\notacredito.class.php Linea 159. 


---------- Error ocurrido a Guillermo Valencia Machado -----------
 [Tue, 28 Feb 2017 15:22:35 -0500]: SQLSTATE[42S22]: Column not found: 1054 Unknown column 'ges_notacredito_nota_codigo' in 'field list', ubicado en el archivo C:\xampp\htdocs\MIDAS-2.0\app\model\class\notacredito.class.php Linea 159. 


---------- Error ocurrido a Guillermo Valencia Machado -----------
 [Wed, 08 Mar 2017 23:17:15 -0500]: SQLSTATE[23000]: Integrity constraint violation: 1048 Column 'ges_facturas_fac_codigo' cannot be null, ubicado en el archivo C:\xampp\htdocs\MIDAS-2.0\app\model\class\pagos.class.php Linea 115. 


---------- Error ocurrido a Guillermo Valencia Machado -----------
 [Wed, 08 Mar 2017 23:19:50 -0500]: SQLSTATE[23000]: Integrity constraint violation: 1048 Column 'ges_facturas_fac_codigo' cannot be null, ubicado en el archivo C:\xampp\htdocs\MIDAS-2.0\app\model\class\pagos.class.php Linea 115. 


---------- Error ocurrido a Guillermo Valencia Machado -----------
 [Wed, 08 Mar 2017 23:21:23 -0500]: SQLSTATE[23000]: Integrity constraint violation: 1452 Cannot add or update a child row: a foreign key constraint fails (`besfit_midas`.`ges_pagos`, CONSTRAINT `ges_pagos_ibfk_2` FOREIGN KEY (`ges_formaspago_codigo`) REFERENCES `ges_formas_pago` (`forpag_codigo`) ON DELETE CASCADE ON UPDATE CASCADE), ubicado en el archivo C:\xampp\htdocs\MIDAS-2.0\app\model\class\pagos.class.php Linea 115. 


---------- Error ocurrido a Guillermo Valencia Machado -----------
 [Wed, 08 Mar 2017 23:26:29 -0500]: SQLSTATE[23000]: Integrity constraint violation: 1452 Cannot add or update a child row: a foreign key constraint fails (`besfit_midas`.`ges_pagos`, CONSTRAINT `ges_pagos_ibfk_2` FOREIGN KEY (`ges_formaspago_codigo`) REFERENCES `ges_formas_pago` (`forpag_codigo`) ON DELETE CASCADE ON UPDATE CASCADE), ubicado en el archivo C:\xampp\htdocs\MIDAS-2.0\app\model\class\pagos.class.php Linea 123. 


---------- Error ocurrido a Guillermo Valencia Machado -----------
 [Thu, 09 Mar 2017 00:05:51 -0500]: SQLSTATE[42000]: Syntax error or access violation: 1064 You have an error in your SQL syntax; check the manual that corresponds to your MariaDB server version for the right syntax to use near '' at line 1, ubicado en el archivo C:\xampp\htdocs\MIDAS-2.0\app\model\class\factura.class.php Linea 204. 


